<?xml version="1.0" encoding="UTF-8"?>
<!-- Generated by org.testng.reporters.JUnitReportReporter -->
<testsuite skipped="0" hostname="Dan_Raju" name="com.qa.testcases.ManageLocationTestCase" tests="5" failures="0" timestamp="2022-06-21T07:05:23 IST" time="7.675" errors="0">
  <testcase name="verifyLocation" time="1.857" classname="com.qa.testcases.ManageLocationTestCase"/>
  <system-out/>
  <testcase name="verifyNewBtn" time="3.417" classname="com.qa.testcases.ManageLocationTestCase"/>
  <system-out/>
  <testcase name="verifyNewBtnAlert" time="0.063" classname="com.qa.testcases.ManageLocationTestCase"/>
  <system-out/>
  <testcase name="verifySearchBtn" time="2.263" classname="com.qa.testcases.ManageLocationTestCase"/>
  <system-out/>
  <testcase name="titleUrl" time="0.075" classname="com.qa.testcases.ManageLocationTestCase"/>
  <system-out/>
</testsuite> <!-- com.qa.testcases.ManageLocationTestCase -->
