<?xml version="1.0" encoding="UTF-8"?>
<!-- Generated by org.testng.reporters.JUnitReportReporter -->
<testsuite skipped="0" hostname="Dan_Raju" name="com.qa.testcases.ManageNewsTestCase" tests="4" failures="0" timestamp="2022-06-21T07:05:23 IST" time="4.930" errors="0">
  <testcase name="verifyNewBtn" time="2.683" classname="com.qa.testcases.ManageNewsTestCase"/>
  <system-out/>
  <testcase name="verifyNewBtnAssert" time="0.059" classname="com.qa.testcases.ManageNewsTestCase"/>
  <system-out/>
  <testcase name="verifysearchBtn" time="1.487" classname="com.qa.testcases.ManageNewsTestCase"/>
  <system-out/>
  <testcase name="verifyResetBtn" time="0.701" classname="com.qa.testcases.ManageNewsTestCase"/>
  <system-out/>
</testsuite> <!-- com.qa.testcases.ManageNewsTestCase -->
