<?xml version="1.0" encoding="UTF-8"?>
<!-- Generated by org.testng.reporters.JUnitReportReporter -->
<testsuite skipped="0" hostname="Dan_Raju" name="com.qa.testcases.SignInTestCase" tests="4" failures="0" timestamp="2022-06-08T14:27:16 IST" time="3.030" errors="0">
  <testcase name="userIdFeildIsDisplayed" time="0.234" classname="com.qa.testcases.SignInTestCase"/>
  <system-out/>
  <testcase name="passwordFeildIsDisplayed" time="0.116" classname="com.qa.testcases.SignInTestCase"/>
  <system-out/>
  <testcase name="passwordMasked" time="0.045" classname="com.qa.testcases.SignInTestCase"/>
  <system-out/>
  <testcase name="login" time="2.635" classname="com.qa.testcases.SignInTestCase"/>
  <system-out/>
</testsuite> <!-- com.qa.testcases.SignInTestCase -->
