<?xml version="1.0" encoding="UTF-8"?>
<!-- Generated by org.testng.reporters.JUnitReportReporter -->
<testsuite skipped="0" hostname="Dan_Raju" name="com.qa.Pages.LoginPage1" tests="1" failures="0" timestamp="2022-05-31T20:00:27 IST" time="15.627" errors="0">
  <testcase name="setup" time="15.627" classname="com.qa.Pages.LoginPage1"/>
  <system-out/>
</testsuite> <!-- com.qa.Pages.LoginPage1 -->
