<?xml version="1.0" encoding="UTF-8"?>
<!-- Generated by org.testng.reporters.JUnitReportReporter -->
<testsuite skipped="0" hostname="Dan_Raju" name="com.qa.testcases.LoginTestcase" tests="1" failures="0" timestamp="2022-06-02T08:53:58 IST" time="22.404" errors="0">
  <testcase name="urlOpening" time="22.404" classname="com.qa.testcases.LoginTestcase"/>
  <system-out/>
</testsuite> <!-- com.qa.testcases.LoginTestcase -->
