<?xml version="1.0" encoding="UTF-8"?>
<!-- Generated by org.testng.reporters.JUnitReportReporter -->
<testsuite skipped="0" hostname="Dan_Raju" name="com.qa.base.Base" tests="1" failures="0" timestamp="2022-05-31T18:11:48 IST" time="35.667" errors="0">
  <testcase name="setup" time="35.667" classname="com.qa.base.Base"/>
  <system-out/>
</testsuite> <!-- com.qa.base.Base -->
