<?xml version="1.0" encoding="UTF-8"?>
<!-- Generated by org.testng.reporters.JUnitReportReporter -->
<testsuite skipped="0" hostname="Dan_Raju" name="com.qa.testcases.ManageLocationTestCase" tests="4" failures="0" timestamp="2022-06-08T14:27:17 IST" time="8.279" errors="0">
  <testcase name="verifyNewBtn" time="5.590" classname="com.qa.testcases.ManageLocationTestCase"/>
  <system-out/>
  <testcase name="verifyNewBtnAlert" time="0.073" classname="com.qa.testcases.ManageLocationTestCase"/>
  <system-out/>
  <testcase name="verifySearchBtn" time="2.420" classname="com.qa.testcases.ManageLocationTestCase"/>
  <system-out/>
  <testcase name="titleUrl" time="0.196" classname="com.qa.testcases.ManageLocationTestCase"/>
  <system-out/>
</testsuite> <!-- com.qa.testcases.ManageLocationTestCase -->
