<?xml version="1.0" encoding="UTF-8"?>
<!-- Generated by org.testng.reporters.JUnitReportReporter -->
<testsuite skipped="0" hostname="Dan_Raju" name="com.qa.testcases.ManageProductTestCase" tests="3" failures="0" timestamp="2022-06-21T07:05:23 IST" time="16.342" errors="0">
  <testcase name="verifyManageProduct" time="1.072" classname="com.qa.testcases.ManageProductTestCase"/>
  <system-out/>
  <testcase name="verifyManageProductPage" time="12.075" classname="com.qa.testcases.ManageProductTestCase"/>
  <system-out/>
  <testcase name="verifySearchBtn" time="3.195" classname="com.qa.testcases.ManageProductTestCase"/>
  <system-out/>
</testsuite> <!-- com.qa.testcases.ManageProductTestCase -->
