<?xml version="1.0" encoding="UTF-8"?>
<!-- Generated by org.testng.reporters.JUnitReportReporter -->
<testsuite skipped="0" hostname="Dan_Raju" name="com.qa.testcases.ExpenseCategoryTestCase" tests="3" failures="0" timestamp="2022-06-08T14:27:16 IST" time="6.361" errors="0">
  <testcase name="expenseCategoryPageVerification" time="6.131" classname="com.qa.testcases.ExpenseCategoryTestCase"/>
  <system-out/>
  <testcase name="verifyExpenseCategoryPageNewButtonElement" time="0.118" classname="com.qa.testcases.ExpenseCategoryTestCase"/>
  <system-out/>
  <testcase name="verifyExpenseCategoryPageSearchButtonElement" time="0.112" classname="com.qa.testcases.ExpenseCategoryTestCase"/>
  <system-out/>
</testsuite> <!-- com.qa.testcases.ExpenseCategoryTestCase -->
