<?xml version="1.0" encoding="UTF-8"?>
<!-- Generated by org.testng.reporters.JUnitReportReporter -->
<testsuite skipped="0" hostname="Dan_Raju" name="com.qa.testcases.ManageOrderTestCase" tests="5" failures="0" timestamp="2022-06-21T07:05:23 IST" time="7.086" errors="0">
  <testcase name="listOrderIsDisplayed" time="2.560" classname="com.qa.testcases.ManageOrderTestCase"/>
  <system-out/>
  <testcase name="verifyHomePageTitel" time="0.008" classname="com.qa.testcases.ManageOrderTestCase"/>
  <system-out/>
  <testcase name="searchManageOrderPage" time="2.160" classname="com.qa.testcases.ManageOrderTestCase"/>
  <system-out/>
  <testcase name="verifyReset" time="1.489" classname="com.qa.testcases.ManageOrderTestCase"/>
  <system-out/>
  <testcase name="verifyView" time="0.869" classname="com.qa.testcases.ManageOrderTestCase"/>
  <system-out/>
</testsuite> <!-- com.qa.testcases.ManageOrderTestCase -->
