<?xml version="1.0" encoding="UTF-8"?>
<!-- Generated by org.testng.reporters.JUnitReportReporter -->
<testsuite skipped="0" hostname="Dan_Raju" name="com.qa.testcases.ExpenseCategoryTestCase" tests="3" failures="0" timestamp="2022-06-21T07:05:23 IST" time="4.675" errors="0">
  <testcase name="expenseCategoryPageVerification" time="4.445" classname="com.qa.testcases.ExpenseCategoryTestCase"/>
  <system-out/>
  <testcase name="verifyExpenseCategoryPageNewButtonElement" time="0.112" classname="com.qa.testcases.ExpenseCategoryTestCase"/>
  <system-out/>
  <testcase name="verifyExpenseCategoryPageSearchButtonElement" time="0.118" classname="com.qa.testcases.ExpenseCategoryTestCase"/>
  <system-out/>
</testsuite> <!-- com.qa.testcases.ExpenseCategoryTestCase -->
