<?xml version="1.0" encoding="UTF-8"?>
<!-- Generated by org.testng.reporters.JUnitReportReporter -->
<testsuite skipped="0" hostname="Dan_Raju" name="com.qa.testcases.ManageNewsTestCase" tests="4" failures="0" timestamp="2022-06-08T14:27:16 IST" time="9.587" errors="0">
  <testcase name="verifyNewBtn" time="6.131" classname="com.qa.testcases.ManageNewsTestCase"/>
  <system-out/>
  <testcase name="verifyNewBtnAssert" time="0.214" classname="com.qa.testcases.ManageNewsTestCase"/>
  <system-out/>
  <testcase name="verifysearchBtn" time="2.201" classname="com.qa.testcases.ManageNewsTestCase"/>
  <system-out/>
  <testcase name="verifyResetBtn" time="1.041" classname="com.qa.testcases.ManageNewsTestCase"/>
  <system-out/>
</testsuite> <!-- com.qa.testcases.ManageNewsTestCase -->
