<?xml version="1.0" encoding="UTF-8"?>
<!-- Generated by org.testng.reporters.JUnitReportReporter -->
<testsuite skipped="0" hostname="Dan_Raju" name="com.qa.testcases.ManageOrderTestCase" tests="8" failures="0" timestamp="2022-06-08T14:27:17 IST" time="9.496" errors="0">
  <testcase name="manageOrderPage" time="2.757" classname="com.qa.testcases.ManageOrderTestCase"/>
  <system-out/>
  <testcase name="listOrderIsDisplayed" time="0.182" classname="com.qa.testcases.ManageOrderTestCase"/>
  <system-out/>
  <testcase name="verifyHomePageTitel" time="0.018" classname="com.qa.testcases.ManageOrderTestCase"/>
  <system-out/>
  <testcase name="searchManageOrderPage" time="4.740" classname="com.qa.testcases.ManageOrderTestCase"/>
  <system-out/>
  <testcase name="orderIdManageOrderPage" time="0.487" classname="com.qa.testcases.ManageOrderTestCase"/>
  <system-out/>
  <testcase name="paymentmodeManageOrderPage" time="0.276" classname="com.qa.testcases.ManageOrderTestCase"/>
  <system-out/>
  <testcase name="statusManageOrderPage" time="0.195" classname="com.qa.testcases.ManageOrderTestCase"/>
  <system-out/>
  <testcase name="searchOrderIdManageOrderPage" time="0.841" classname="com.qa.testcases.ManageOrderTestCase"/>
  <system-out/>
</testsuite> <!-- com.qa.testcases.ManageOrderTestCase -->
