<?xml version="1.0" encoding="UTF-8"?>
<!-- Generated by org.testng.reporters.JUnitReportReporter -->
<testsuite skipped="0" hostname="Dan_Raju" name="com.qa.testcases.ManageUsersTestCase" tests="3" failures="0" timestamp="2022-06-21T07:05:23 IST" time="3.769" errors="0">
  <testcase name="manageVerifyUsersPage" time="0.710" classname="com.qa.testcases.ManageUsersTestCase"/>
  <system-out/>
  <testcase name="searchVerifyUsersPage" time="2.473" classname="com.qa.testcases.ManageUsersTestCase"/>
  <system-out/>
  <testcase name="verifyStatus" time="0.586" classname="com.qa.testcases.ManageUsersTestCase"/>
  <system-out/>
</testsuite> <!-- com.qa.testcases.ManageUsersTestCase -->
