<?xml version="1.0" encoding="UTF-8"?>
<!-- Generated by org.testng.reporters.JUnitReportReporter -->
<testsuite skipped="0" hostname="Dan_Raju" name="com.qa.testcases.SignInTestCase" tests="4" failures="0" timestamp="2022-06-21T07:05:23 IST" time="7.751" errors="0">
  <testcase name="userIdFeildIsDisplayed" time="0.896" classname="com.qa.testcases.SignInTestCase"/>
  <system-out/>
  <testcase name="passwordFeildIsDisplayed" time="0.111" classname="com.qa.testcases.SignInTestCase"/>
  <system-out/>
  <testcase name="passwordMasked" time="0.072" classname="com.qa.testcases.SignInTestCase"/>
  <system-out/>
  <testcase name="login" time="6.672" classname="com.qa.testcases.SignInTestCase"/>
  <system-out/>
</testsuite> <!-- com.qa.testcases.SignInTestCase -->
