<?xml version="1.0" encoding="UTF-8"?>
<!-- Generated by org.testng.reporters.JUnitReportReporter -->
<testsuite skipped="0" hostname="Dan_Raju" name="com.qa.testcases.PushNotificationsPageTestCase" tests="4" failures="0" timestamp="2022-06-21T07:05:23 IST" time="4.478" errors="0">
  <testcase name="testPushNotiPage" time="1.520" classname="com.qa.testcases.PushNotificationsPageTestCase"/>
  <system-out/>
  <testcase name="verifyPushNotificationPage" time="2.459" classname="com.qa.testcases.PushNotificationsPageTestCase"/>
  <system-out/>
  <testcase name="verifyAlert" time="0.058" classname="com.qa.testcases.PushNotificationsPageTestCase"/>
  <system-out/>
  <testcase name="verifyTestReset" time="0.441" classname="com.qa.testcases.PushNotificationsPageTestCase"/>
  <system-out/>
</testsuite> <!-- com.qa.testcases.PushNotificationsPageTestCase -->
