<?xml version="1.0" encoding="UTF-8"?>
<!-- Generated by org.testng.reporters.JUnitReportReporter -->
<testsuite skipped="0" hostname="Dan_Raju" name="com.qa.testcases.ManageUsersTestCase" tests="6" failures="0" timestamp="2022-06-08T14:27:16 IST" time="4.859" errors="0">
  <testcase name="manageVerifyUsersPage" time="1.008" classname="com.qa.testcases.ManageUsersTestCase"/>
  <system-out/>
  <testcase name="searchVerifyUsersPage" time="1.712" classname="com.qa.testcases.ManageUsersTestCase"/>
  <system-out/>
  <testcase name="putDetaildForsearch" time="1.103" classname="com.qa.testcases.ManageUsersTestCase"/>
  <system-out/>
  <testcase name="putStatus" time="0.229" classname="com.qa.testcases.ManageUsersTestCase"/>
  <system-out/>
  <testcase name="getText" time="0.045" classname="com.qa.testcases.ManageUsersTestCase"/>
  <system-out/>
  <testcase name="verifyTestResetBtn" time="0.762" classname="com.qa.testcases.ManageUsersTestCase"/>
  <system-out/>
</testsuite> <!-- com.qa.testcases.ManageUsersTestCase -->
