<?xml version="1.0" encoding="UTF-8"?>
<!-- Generated by org.testng.reporters.JUnitReportReporter -->
<testsuite skipped="0" hostname="Dan_Raju" name="com.qa.testcases.VerifyUsersTestCase" tests="1" failures="0" timestamp="2022-06-06T20:05:09 IST" time="0.821" errors="0">
  <testcase name="manageVerifyUsersPage" time="0.821" classname="com.qa.testcases.VerifyUsersTestCase"/>
  <system-out/>
</testsuite> <!-- com.qa.testcases.VerifyUsersTestCase -->
