<?xml version="1.0" encoding="UTF-8"?>
<!-- Generated by org.testng.reporters.JUnitReportReporter -->
<testsuite skipped="0" hostname="Dan_Raju" name="com.qa.testcases.HomeTestCase" tests="8" failures="0" timestamp="2022-06-06T21:52:54 IST" time="7.171" errors="0">
  <testcase name="manageOrderPage" time="2.050" classname="com.qa.testcases.HomeTestCase"/>
  <system-out/>
  <testcase name="listOrderIsDisplayed" time="0.046" classname="com.qa.testcases.HomeTestCase"/>
  <system-out/>
  <testcase name="verifyHomePageTitel" time="0.011" classname="com.qa.testcases.HomeTestCase"/>
  <system-out/>
  <testcase name="searchManageOrderPage" time="3.333" classname="com.qa.testcases.HomeTestCase"/>
  <system-out/>
  <testcase name="orderIdManageOrderPage" time="0.425" classname="com.qa.testcases.HomeTestCase"/>
  <system-out/>
  <testcase name="paymentmodeManageOrderPage" time="0.369" classname="com.qa.testcases.HomeTestCase"/>
  <system-out/>
  <testcase name="statusManageOrderPage" time="0.173" classname="com.qa.testcases.HomeTestCase"/>
  <system-out/>
  <testcase name="searchOrderIdManageOrderPage" time="0.764" classname="com.qa.testcases.HomeTestCase"/>
  <system-out/>
</testsuite> <!-- com.qa.testcases.HomeTestCase -->
